0 info it worked if it ends with ok
1 verbose cli [ '/usr/bin/node', '/usr/bin/npm', 'install' ]
2 info using npm@1.4.28
3 info using node@v0.10.33
4 verbose node symlink /usr/bin/node
5 warn package.json web-api-code-example@0.0.1 No repository field.
6 verbose readDependencies using package.json deps
7 verbose install where, deps [ '/home/alex/new/MusicMe',
7 verbose install   [ 'python-shell',
7 verbose install     'imagemagick',
7 verbose install     'cookie-parser',
7 verbose install     'express',
7 verbose install     'querystring',
7 verbose install     'request' ] ]
8 info preinstall web-api-code-example@0.0.1
9 warn package.json querystring@0.2.0 querystring is also the name of a node core module.
10 verbose readDependencies using package.json deps
11 verbose already installed skipping python-shell@* /home/alex/new/MusicMe
12 verbose cache add [ 'imagemagick@*', null ]
13 verbose cache add name=undefined spec="imagemagick@*" args=["imagemagick@*",null]
14 verbose parsed url { protocol: null,
14 verbose parsed url   slashes: null,
14 verbose parsed url   auth: null,
14 verbose parsed url   host: null,
14 verbose parsed url   port: null,
14 verbose parsed url   hostname: null,
14 verbose parsed url   hash: null,
14 verbose parsed url   search: null,
14 verbose parsed url   query: null,
14 verbose parsed url   pathname: 'imagemagick@*',
14 verbose parsed url   path: 'imagemagick@*',
14 verbose parsed url   href: 'imagemagick@*' }
15 verbose already installed skipping cookie-parser@1.3.2 /home/alex/new/MusicMe
16 verbose already installed skipping express@~4.0.0 /home/alex/new/MusicMe
17 verbose already installed skipping querystring@~0.2.0 /home/alex/new/MusicMe
18 verbose cache add name="imagemagick" spec="*" args=["imagemagick","*"]
19 verbose parsed url { protocol: null,
19 verbose parsed url   slashes: null,
19 verbose parsed url   auth: null,
19 verbose parsed url   host: null,
19 verbose parsed url   port: null,
19 verbose parsed url   hostname: null,
19 verbose parsed url   hash: null,
19 verbose parsed url   search: null,
19 verbose parsed url   query: null,
19 verbose parsed url   pathname: '*',
19 verbose parsed url   path: '*',
19 verbose parsed url   href: '*' }
20 verbose addNamed [ 'imagemagick', '*' ]
21 verbose addNamed [ null, '*' ]
22 verbose already installed skipping request@~2.34.0 /home/alex/new/MusicMe
23 silly lockFile 2c443c92-imagemagick imagemagick@*
24 verbose lock imagemagick@* /home/alex/.npm/2c443c92-imagemagick.lock
25 silly addNameRange { name: 'imagemagick', range: '*', hasData: false }
26 verbose request where is /imagemagick
27 verbose request registry https://registry.npmjs.org/
28 verbose request id aa1165bf3eceb387
29 verbose url raw /imagemagick
30 verbose url resolving [ 'https://registry.npmjs.org/', './imagemagick' ]
31 verbose url resolved https://registry.npmjs.org/imagemagick
32 verbose request where is https://registry.npmjs.org/imagemagick
33 info trying registry request attempt 1 at 09:53:42
34 http GET https://registry.npmjs.org/imagemagick
35 info retry will retry, error on last attempt: Error: getaddrinfo ENOTFOUND
36 info trying registry request attempt 2 at 09:54:13
37 http GET https://registry.npmjs.org/imagemagick
38 info retry will retry, error on last attempt: Error: getaddrinfo ENOTFOUND
39 info trying registry request attempt 3 at 09:55:33
40 http GET https://registry.npmjs.org/imagemagick
41 silly lockFile 2c443c92-imagemagick imagemagick@*
42 silly lockFile 2c443c92-imagemagick imagemagick@*
43 error network getaddrinfo ENOTFOUND
43 error network This is most likely not a problem with npm itself
43 error network and is related to network connectivity.
43 error network In most cases you are behind a proxy or have bad network settings.
43 error network
43 error network If you are behind a proxy, please make sure that the
43 error network 'proxy' config is set properly.  See: 'npm help config'
44 error System Linux 3.13.0-39-generic
45 error command "/usr/bin/node" "/usr/bin/npm" "install"
46 error cwd /home/alex/new/MusicMe
47 error node -v v0.10.33
48 error npm -v 1.4.28
49 error syscall getaddrinfo
50 error code ENOTFOUND
51 error errno ENOTFOUND
52 verbose exit [ 1, true ]
